{"C:\\Users\\musta\\OneDrive - Ara Institute of Canterbury\\2022\\DE211\\Assignment 3\\React\\mycyclingapp\\src\\App---.js": {"path":"C:\\Users\\musta\\OneDrive - Ara Institute of Canterbury\\2022\\DE211\\Assignment 3\\React\\mycyclingapp\\src\\App---.js","statementMap":{"0":{"start":{"line":7,"column":17},"end":{"line":7,"column":58}},"1":{"start":{"line":8,"column":2},"end":{"line":26,"column":4}}},"fnMap":{"0":{"name":"App","decl":{"start":{"line":6,"column":9},"end":{"line":6,"column":12}},"loc":{"start":{"line":6,"column":15},"end":{"line":27,"column":1}},"line":6}},"branchMap":{},"s":{"0":0,"1":0},"f":{"0":0},"b":{}}
,"C:\\Users\\musta\\OneDrive - Ara Institute of Canterbury\\2022\\DE211\\Assignment 3\\React\\mycyclingapp\\src\\Cyclist.js": {"path":"C:\\Users\\musta\\OneDrive - Ara Institute of Canterbury\\2022\\DE211\\Assignment 3\\React\\mycyclingapp\\src\\Cyclist.js","statementMap":{"0":{"start":{"line":23,"column":2},"end":{"line":23,"column":17}},"1":{"start":{"line":24,"column":2},"end":{"line":24,"column":31}},"2":{"start":{"line":25,"column":2},"end":{"line":25,"column":29}},"3":{"start":{"line":26,"column":2},"end":{"line":26,"column":25}},"4":{"start":{"line":27,"column":2},"end":{"line":27,"column":25}},"5":{"start":{"line":28,"column":2},"end":{"line":28,"column":20}},"6":{"start":{"line":29,"column":2},"end":{"line":29,"column":21}},"7":{"start":{"line":30,"column":2},"end":{"line":30,"column":24}},"8":{"start":{"line":31,"column":2},"end":{"line":31,"column":26}},"9":{"start":{"line":32,"column":2},"end":{"line":32,"column":26}},"10":{"start":{"line":33,"column":2},"end":{"line":33,"column":22}},"11":{"start":{"line":37,"column":15},"end":{"line":37,"column":75}},"12":{"start":{"line":38,"column":2},"end":{"line":38,"column":25}},"13":{"start":{"line":40,"column":2},"end":{"line":48,"column":3}},"14":{"start":{"line":41,"column":3},"end":{"line":41,"column":30}},"15":{"start":{"line":42,"column":3},"end":{"line":42,"column":22}},"16":{"start":{"line":43,"column":3},"end":{"line":43,"column":29}},"17":{"start":{"line":44,"column":3},"end":{"line":44,"column":28}},"18":{"start":{"line":45,"column":3},"end":{"line":45,"column":42}},"19":{"start":{"line":47,"column":3},"end":{"line":47,"column":50}},"20":{"start":{"line":49,"column":2},"end":{"line":49,"column":16}},"21":{"start":{"line":53,"column":2},"end":{"line":55,"column":4}},"22":{"start":{"line":54,"column":3},"end":{"line":54,"column":27}},"23":{"start":{"line":59,"column":2},"end":{"line":61,"column":4}},"24":{"start":{"line":60,"column":3},"end":{"line":60,"column":25}},"25":{"start":{"line":65,"column":2},"end":{"line":67,"column":4}},"26":{"start":{"line":66,"column":3},"end":{"line":66,"column":41}},"27":{"start":{"line":71,"column":19},"end":{"line":71,"column":23}},"28":{"start":{"line":72,"column":2},"end":{"line":77,"column":3}},"29":{"start":{"line":73,"column":3},"end":{"line":76,"column":4}},"30":{"start":{"line":74,"column":4},"end":{"line":74,"column":21}},"31":{"start":{"line":75,"column":4},"end":{"line":75,"column":9}},"32":{"start":{"line":78,"column":2},"end":{"line":78,"column":19}},"33":{"start":{"line":82,"column":2},"end":{"line":82,"column":45}},"34":{"start":{"line":83,"column":2},"end":{"line":87,"column":3}},"35":{"start":{"line":84,"column":15},"end":{"line":84,"column":54}},"36":{"start":{"line":85,"column":3},"end":{"line":85,"column":34}},"37":{"start":{"line":86,"column":3},"end":{"line":86,"column":22}},"38":{"start":{"line":91,"column":2},"end":{"line":95,"column":3}},"39":{"start":{"line":92,"column":3},"end":{"line":92,"column":39}},"40":{"start":{"line":93,"column":3},"end":{"line":93,"column":41}},"41":{"start":{"line":94,"column":3},"end":{"line":94,"column":25}},"42":{"start":{"line":100,"column":14},"end":{"line":100,"column":44}},"43":{"start":{"line":101,"column":2},"end":{"line":101,"column":32}},"44":{"start":{"line":105,"column":2},"end":{"line":105,"column":32}},"45":{"start":{"line":107,"column":2},"end":{"line":107,"column":47}},"46":{"start":{"line":108,"column":2},"end":{"line":118,"column":3}},"47":{"start":{"line":109,"column":20},"end":{"line":109,"column":87}},"48":{"start":{"line":110,"column":3},"end":{"line":110,"column":33}},"49":{"start":{"line":111,"column":3},"end":{"line":111,"column":26}},"50":{"start":{"line":112,"column":3},"end":{"line":117,"column":4}},"51":{"start":{"line":113,"column":4},"end":{"line":113,"column":34}},"52":{"start":{"line":114,"column":4},"end":{"line":114,"column":31}},"53":{"start":{"line":115,"column":4},"end":{"line":115,"column":50}},"54":{"start":{"line":116,"column":4},"end":{"line":116,"column":44}},"55":{"start":{"line":122,"column":2},"end":{"line":126,"column":3}},"56":{"start":{"line":123,"column":19},"end":{"line":123,"column":56}},"57":{"start":{"line":124,"column":3},"end":{"line":124,"column":48}},"58":{"start":{"line":125,"column":3},"end":{"line":125,"column":27}},"59":{"start":{"line":130,"column":20},"end":{"line":130,"column":21}},"60":{"start":{"line":131,"column":2},"end":{"line":133,"column":3}},"61":{"start":{"line":132,"column":3},"end":{"line":132,"column":35}},"62":{"start":{"line":134,"column":2},"end":{"line":134,"column":32}},"63":{"start":{"line":138,"column":15},"end":{"line":138,"column":59}},"64":{"start":{"line":138,"column":44},"end":{"line":138,"column":58}},"65":{"start":{"line":139,"column":2},"end":{"line":139,"column":20}},"66":{"start":{"line":143,"column":15},"end":{"line":143,"column":59}},"67":{"start":{"line":143,"column":44},"end":{"line":143,"column":58}},"68":{"start":{"line":144,"column":2},"end":{"line":144,"column":20}},"69":{"start":{"line":148,"column":15},"end":{"line":148,"column":82}},"70":{"start":{"line":148,"column":46},"end":{"line":148,"column":80}},"71":{"start":{"line":149,"column":2},"end":{"line":149,"column":20}},"72":{"start":{"line":155,"column":16},"end":{"line":155,"column":108}},"73":{"start":{"line":156,"column":2},"end":{"line":158,"column":4}},"74":{"start":{"line":157,"column":3},"end":{"line":157,"column":25}},"75":{"start":{"line":159,"column":2},"end":{"line":159,"column":16}},"76":{"start":{"line":165,"column":2},"end":{"line":165,"column":22}},"77":{"start":{"line":166,"column":19},"end":{"line":166,"column":23}},"78":{"start":{"line":167,"column":2},"end":{"line":167,"column":61}},"79":{"start":{"line":171,"column":18},"end":{"line":171,"column":61}},"80":{"start":{"line":172,"column":2},"end":{"line":172,"column":18}}},"fnMap":{"0":{"name":"(anonymous_0)","decl":{"start":{"line":22,"column":1},"end":{"line":22,"column":2}},"loc":{"start":{"line":22,"column":70},"end":{"line":34,"column":2}},"line":22},"1":{"name":"(anonymous_1)","decl":{"start":{"line":36,"column":1},"end":{"line":36,"column":2}},"loc":{"start":{"line":36,"column":40},"end":{"line":50,"column":2}},"line":36},"2":{"name":"(anonymous_2)","decl":{"start":{"line":52,"column":1},"end":{"line":52,"column":2}},"loc":{"start":{"line":52,"column":12},"end":{"line":56,"column":2}},"line":52},"3":{"name":"(anonymous_3)","decl":{"start":{"line":53,"column":22},"end":{"line":53,"column":23}},"loc":{"start":{"line":53,"column":38},"end":{"line":55,"column":3}},"line":53},"4":{"name":"(anonymous_4)","decl":{"start":{"line":58,"column":1},"end":{"line":58,"column":2}},"loc":{"start":{"line":58,"column":18},"end":{"line":62,"column":2}},"line":58},"5":{"name":"(anonymous_5)","decl":{"start":{"line":59,"column":22},"end":{"line":59,"column":23}},"loc":{"start":{"line":59,"column":38},"end":{"line":61,"column":3}},"line":59},"6":{"name":"(anonymous_6)","decl":{"start":{"line":64,"column":1},"end":{"line":64,"column":2}},"loc":{"start":{"line":64,"column":20},"end":{"line":68,"column":2}},"line":64},"7":{"name":"(anonymous_7)","decl":{"start":{"line":65,"column":22},"end":{"line":65,"column":23}},"loc":{"start":{"line":65,"column":38},"end":{"line":67,"column":3}},"line":65},"8":{"name":"(anonymous_8)","decl":{"start":{"line":70,"column":1},"end":{"line":70,"column":2}},"loc":{"start":{"line":70,"column":25},"end":{"line":79,"column":2}},"line":70},"9":{"name":"(anonymous_9)","decl":{"start":{"line":81,"column":1},"end":{"line":81,"column":2}},"loc":{"start":{"line":81,"column":25},"end":{"line":88,"column":2}},"line":81},"10":{"name":"(anonymous_10)","decl":{"start":{"line":90,"column":1},"end":{"line":90,"column":2}},"loc":{"start":{"line":90,"column":17},"end":{"line":97,"column":2}},"line":90},"11":{"name":"(anonymous_11)","decl":{"start":{"line":99,"column":1},"end":{"line":99,"column":2}},"loc":{"start":{"line":99,"column":28},"end":{"line":102,"column":2}},"line":99},"12":{"name":"(anonymous_12)","decl":{"start":{"line":104,"column":1},"end":{"line":104,"column":2}},"loc":{"start":{"line":104,"column":56},"end":{"line":119,"column":2}},"line":104},"13":{"name":"(anonymous_13)","decl":{"start":{"line":121,"column":1},"end":{"line":121,"column":2}},"loc":{"start":{"line":121,"column":15},"end":{"line":127,"column":2}},"line":121},"14":{"name":"(anonymous_14)","decl":{"start":{"line":129,"column":1},"end":{"line":129,"column":2}},"loc":{"start":{"line":129,"column":24},"end":{"line":135,"column":2}},"line":129},"15":{"name":"(anonymous_15)","decl":{"start":{"line":137,"column":1},"end":{"line":137,"column":2}},"loc":{"start":{"line":137,"column":15},"end":{"line":140,"column":2}},"line":137},"16":{"name":"(anonymous_16)","decl":{"start":{"line":138,"column":37},"end":{"line":138,"column":38}},"loc":{"start":{"line":138,"column":44},"end":{"line":138,"column":58}},"line":138},"17":{"name":"(anonymous_17)","decl":{"start":{"line":142,"column":1},"end":{"line":142,"column":2}},"loc":{"start":{"line":142,"column":15},"end":{"line":145,"column":2}},"line":142},"18":{"name":"(anonymous_18)","decl":{"start":{"line":143,"column":37},"end":{"line":143,"column":38}},"loc":{"start":{"line":143,"column":44},"end":{"line":143,"column":58}},"line":143},"19":{"name":"(anonymous_19)","decl":{"start":{"line":147,"column":2},"end":{"line":147,"column":3}},"loc":{"start":{"line":147,"column":25},"end":{"line":150,"column":2}},"line":147},"20":{"name":"(anonymous_20)","decl":{"start":{"line":148,"column":37},"end":{"line":148,"column":38}},"loc":{"start":{"line":148,"column":46},"end":{"line":148,"column":80}},"line":148},"21":{"name":"(anonymous_21)","decl":{"start":{"line":154,"column":1},"end":{"line":154,"column":2}},"loc":{"start":{"line":154,"column":14},"end":{"line":160,"column":2}},"line":154},"22":{"name":"(anonymous_22)","decl":{"start":{"line":156,"column":25},"end":{"line":156,"column":26}},"loc":{"start":{"line":156,"column":35},"end":{"line":158,"column":3}},"line":156},"23":{"name":"(anonymous_23)","decl":{"start":{"line":164,"column":1},"end":{"line":164,"column":2}},"loc":{"start":{"line":164,"column":28},"end":{"line":168,"column":2}},"line":164},"24":{"name":"(anonymous_24)","decl":{"start":{"line":170,"column":1},"end":{"line":170,"column":2}},"loc":{"start":{"line":170,"column":31},"end":{"line":173,"column":2}},"line":170}},"branchMap":{"0":{"loc":{"start":{"line":40,"column":2},"end":{"line":48,"column":3}},"type":"if","locations":[{"start":{"line":40,"column":2},"end":{"line":48,"column":3}},{"start":{"line":46,"column":9},"end":{"line":48,"column":3}}],"line":40},"1":{"loc":{"start":{"line":70,"column":10},"end":{"line":70,"column":23}},"type":"default-arg","locations":[{"start":{"line":70,"column":22},"end":{"line":70,"column":23}}],"line":70},"2":{"loc":{"start":{"line":73,"column":3},"end":{"line":76,"column":4}},"type":"if","locations":[{"start":{"line":73,"column":3},"end":{"line":76,"column":4}},{"start":{},"end":{}}],"line":73},"3":{"loc":{"start":{"line":83,"column":2},"end":{"line":87,"column":3}},"type":"if","locations":[{"start":{"line":83,"column":2},"end":{"line":87,"column":3}},{"start":{},"end":{}}],"line":83},"4":{"loc":{"start":{"line":91,"column":2},"end":{"line":95,"column":3}},"type":"if","locations":[{"start":{"line":91,"column":2},"end":{"line":95,"column":3}},{"start":{},"end":{}}],"line":91},"5":{"loc":{"start":{"line":108,"column":2},"end":{"line":118,"column":3}},"type":"if","locations":[{"start":{"line":108,"column":2},"end":{"line":118,"column":3}},{"start":{},"end":{}}],"line":108},"6":{"loc":{"start":{"line":112,"column":3},"end":{"line":117,"column":4}},"type":"if","locations":[{"start":{"line":112,"column":3},"end":{"line":117,"column":4}},{"start":{},"end":{}}],"line":112},"7":{"loc":{"start":{"line":122,"column":2},"end":{"line":126,"column":3}},"type":"if","locations":[{"start":{"line":122,"column":2},"end":{"line":126,"column":3}},{"start":{},"end":{}}],"line":122},"8":{"loc":{"start":{"line":148,"column":46},"end":{"line":148,"column":80}},"type":"binary-expr","locations":[{"start":{"line":148,"column":46},"end":{"line":148,"column":61}},{"start":{"line":148,"column":65},"end":{"line":148,"column":80}}],"line":148}},"s":{"0":72,"1":72,"2":72,"3":72,"4":72,"5":72,"6":72,"7":72,"8":72,"9":72,"10":72,"11":141,"12":141,"13":141,"14":138,"15":138,"16":138,"17":138,"18":138,"19":3,"20":141,"21":9,"22":27,"23":9,"24":27,"25":9,"26":18,"27":18,"28":18,"29":22,"30":18,"31":18,"32":18,"33":4,"34":4,"35":4,"36":4,"37":4,"38":2,"39":2,"40":2,"41":2,"42":11,"43":11,"44":8,"45":8,"46":8,"47":8,"48":8,"49":8,"50":8,"51":8,"52":8,"53":8,"54":8,"55":3,"56":3,"57":3,"58":3,"59":138,"60":138,"61":281,"62":138,"63":1,"64":4,"65":1,"66":1,"67":4,"68":1,"69":1,"70":4,"71":1,"72":1,"73":1,"74":2,"75":1,"76":4,"77":4,"78":4,"79":4,"80":4},"f":{"0":72,"1":141,"2":9,"3":27,"4":9,"5":27,"6":9,"7":18,"8":18,"9":4,"10":2,"11":11,"12":8,"13":3,"14":138,"15":1,"16":4,"17":1,"18":4,"19":1,"20":4,"21":1,"22":2,"23":4,"24":4},"b":{"0":[138,3],"1":[1],"2":[18,4],"3":[4,0],"4":[2,0],"5":[8,0],"6":[8,0],"7":[3,0],"8":[4,2]},"_coverageSchema":"1a1c01bbd47fc00a2c39e90264f33305004495a9","hash":"b896dafc09f612f7f875283a28413dd25e07f37b"}
,"C:\\Users\\musta\\OneDrive - Ara Institute of Canterbury\\2022\\DE211\\Assignment 3\\React\\mycyclingapp\\src\\LocalStorageMock.js": {"path":"C:\\Users\\musta\\OneDrive - Ara Institute of Canterbury\\2022\\DE211\\Assignment 3\\React\\mycyclingapp\\src\\LocalStorageMock.js","statementMap":{"0":{"start":{"line":3,"column":4},"end":{"line":3,"column":20}},"1":{"start":{"line":7,"column":4},"end":{"line":7,"column":20}},"2":{"start":{"line":11,"column":4},"end":{"line":11,"column":35}},"3":{"start":{"line":15,"column":4},"end":{"line":15,"column":36}},"4":{"start":{"line":19,"column":4},"end":{"line":19,"column":27}}},"fnMap":{"0":{"name":"(anonymous_0)","decl":{"start":{"line":2,"column":2},"end":{"line":2,"column":3}},"loc":{"start":{"line":2,"column":16},"end":{"line":4,"column":3}},"line":2},"1":{"name":"(anonymous_1)","decl":{"start":{"line":6,"column":2},"end":{"line":6,"column":3}},"loc":{"start":{"line":6,"column":10},"end":{"line":8,"column":3}},"line":6},"2":{"name":"(anonymous_2)","decl":{"start":{"line":10,"column":2},"end":{"line":10,"column":3}},"loc":{"start":{"line":10,"column":15},"end":{"line":12,"column":3}},"line":10},"3":{"name":"(anonymous_3)","decl":{"start":{"line":14,"column":2},"end":{"line":14,"column":3}},"loc":{"start":{"line":14,"column":22},"end":{"line":16,"column":3}},"line":14},"4":{"name":"(anonymous_4)","decl":{"start":{"line":18,"column":2},"end":{"line":18,"column":3}},"loc":{"start":{"line":18,"column":18},"end":{"line":20,"column":3}},"line":18}},"branchMap":{"0":{"loc":{"start":{"line":11,"column":11},"end":{"line":11,"column":34}},"type":"binary-expr","locations":[{"start":{"line":11,"column":11},"end":{"line":11,"column":26}},{"start":{"line":11,"column":30},"end":{"line":11,"column":34}}],"line":11}},"s":{"0":4,"1":0,"2":0,"3":0,"4":0},"f":{"0":4,"1":0,"2":0,"3":0,"4":0},"b":{"0":[0,0]},"_coverageSchema":"1a1c01bbd47fc00a2c39e90264f33305004495a9","hash":"07fb0bce3760c072ae91f3e74d0f2e2829963913"}
,"C:\\Users\\musta\\OneDrive - Ara Institute of Canterbury\\2022\\DE211\\Assignment 3\\React\\mycyclingapp\\src\\Log.js": {"path":"C:\\Users\\musta\\OneDrive - Ara Institute of Canterbury\\2022\\DE211\\Assignment 3\\React\\mycyclingapp\\src\\Log.js","statementMap":{"0":{"start":{"line":18,"column":2},"end":{"line":18,"column":23}},"1":{"start":{"line":19,"column":2},"end":{"line":19,"column":21}},"2":{"start":{"line":20,"column":2},"end":{"line":20,"column":34}},"3":{"start":{"line":21,"column":2},"end":{"line":21,"column":29}},"4":{"start":{"line":22,"column":2},"end":{"line":22,"column":21}},"5":{"start":{"line":23,"column":2},"end":{"line":23,"column":57}},"6":{"start":{"line":24,"column":2},"end":{"line":24,"column":23}},"7":{"start":{"line":32,"column":2},"end":{"line":32,"column":25}},"8":{"start":{"line":36,"column":2},"end":{"line":36,"column":42}},"9":{"start":{"line":40,"column":2},"end":{"line":40,"column":72}},"10":{"start":{"line":44,"column":2},"end":{"line":44,"column":58}},"11":{"start":{"line":48,"column":2},"end":{"line":48,"column":111}},"12":{"start":{"line":55,"column":2},"end":{"line":61,"column":3}},"13":{"start":{"line":56,"column":3},"end":{"line":56,"column":37}},"14":{"start":{"line":57,"column":9},"end":{"line":61,"column":3}},"15":{"start":{"line":58,"column":3},"end":{"line":58,"column":37}},"16":{"start":{"line":60,"column":3},"end":{"line":60,"column":39}},"17":{"start":{"line":62,"column":2},"end":{"line":62,"column":53}},"18":{"start":{"line":68,"column":13},"end":{"line":68,"column":22}},"19":{"start":{"line":69,"column":15},"end":{"line":69,"column":99}},"20":{"start":{"line":70,"column":16},"end":{"line":70,"column":240}},"21":{"start":{"line":71,"column":2},"end":{"line":71,"column":16}}},"fnMap":{"0":{"name":"(anonymous_0)","decl":{"start":{"line":17,"column":1},"end":{"line":17,"column":2}},"loc":{"start":{"line":17,"column":55},"end":{"line":25,"column":2}},"line":17},"1":{"name":"(anonymous_1)","decl":{"start":{"line":31,"column":1},"end":{"line":31,"column":2}},"loc":{"start":{"line":31,"column":10},"end":{"line":33,"column":2}},"line":31},"2":{"name":"(anonymous_2)","decl":{"start":{"line":35,"column":1},"end":{"line":35,"column":2}},"loc":{"start":{"line":35,"column":10},"end":{"line":37,"column":2}},"line":35},"3":{"name":"(anonymous_3)","decl":{"start":{"line":39,"column":1},"end":{"line":39,"column":2}},"loc":{"start":{"line":39,"column":15},"end":{"line":41,"column":2}},"line":39},"4":{"name":"(anonymous_4)","decl":{"start":{"line":43,"column":1},"end":{"line":43,"column":2}},"loc":{"start":{"line":43,"column":41},"end":{"line":45,"column":2}},"line":43},"5":{"name":"(anonymous_5)","decl":{"start":{"line":47,"column":1},"end":{"line":47,"column":2}},"loc":{"start":{"line":47,"column":20},"end":{"line":49,"column":2}},"line":47},"6":{"name":"(anonymous_6)","decl":{"start":{"line":53,"column":1},"end":{"line":53,"column":2}},"loc":{"start":{"line":53,"column":66},"end":{"line":63,"column":2}},"line":53},"7":{"name":"(anonymous_7)","decl":{"start":{"line":67,"column":1},"end":{"line":67,"column":2}},"loc":{"start":{"line":67,"column":12},"end":{"line":72,"column":2}},"line":67}},"branchMap":{"0":{"loc":{"start":{"line":36,"column":9},"end":{"line":36,"column":42}},"type":"binary-expr","locations":[{"start":{"line":36,"column":9},"end":{"line":36,"column":24}},{"start":{"line":36,"column":28},"end":{"line":36,"column":42}}],"line":36},"1":{"loc":{"start":{"line":43,"column":29},"end":{"line":43,"column":39}},"type":"default-arg","locations":[{"start":{"line":43,"column":38},"end":{"line":43,"column":39}}],"line":43},"2":{"loc":{"start":{"line":44,"column":9},"end":{"line":44,"column":58}},"type":"binary-expr","locations":[{"start":{"line":44,"column":10},"end":{"line":44,"column":35}},{"start":{"line":44,"column":41},"end":{"line":44,"column":57}}],"line":44},"3":{"loc":{"start":{"line":48,"column":9},"end":{"line":48,"column":111}},"type":"binary-expr","locations":[{"start":{"line":48,"column":9},"end":{"line":48,"column":27}},{"start":{"line":48,"column":31},"end":{"line":48,"column":71}},{"start":{"line":48,"column":75},"end":{"line":48,"column":111}}],"line":48},"4":{"loc":{"start":{"line":53,"column":16},"end":{"line":53,"column":30}},"type":"default-arg","locations":[{"start":{"line":53,"column":29},"end":{"line":53,"column":30}}],"line":53},"5":{"loc":{"start":{"line":53,"column":32},"end":{"line":53,"column":48}},"type":"default-arg","locations":[{"start":{"line":53,"column":47},"end":{"line":53,"column":48}}],"line":53},"6":{"loc":{"start":{"line":53,"column":50},"end":{"line":53,"column":64}},"type":"default-arg","locations":[{"start":{"line":53,"column":63},"end":{"line":53,"column":64}}],"line":53},"7":{"loc":{"start":{"line":55,"column":2},"end":{"line":61,"column":3}},"type":"if","locations":[{"start":{"line":55,"column":2},"end":{"line":61,"column":3}},{"start":{"line":57,"column":9},"end":{"line":61,"column":3}}],"line":55},"8":{"loc":{"start":{"line":57,"column":9},"end":{"line":61,"column":3}},"type":"if","locations":[{"start":{"line":57,"column":9},"end":{"line":61,"column":3}},{"start":{"line":59,"column":9},"end":{"line":61,"column":3}}],"line":57}},"s":{"0":149,"1":149,"2":149,"3":149,"4":149,"5":149,"6":149,"7":149,"8":56,"9":149,"10":294,"11":149,"12":149,"13":93,"14":56,"15":12,"16":44,"17":149,"18":7,"19":7,"20":7,"21":7},"f":{"0":149,"1":149,"2":56,"3":149,"4":294,"5":149,"6":149,"7":7},"b":{"0":[56,12],"1":[294],"2":[294,293],"3":[149,148,146],"4":[149],"5":[149],"6":[149],"7":[93,56],"8":[12,44]},"_coverageSchema":"1a1c01bbd47fc00a2c39e90264f33305004495a9","hash":"e2899b8014544be208994f1ac7a69a756e4c8180"}
,"C:\\Users\\musta\\OneDrive - Ara Institute of Canterbury\\2022\\DE211\\Assignment 3\\React\\mycyclingapp\\src\\index--.js": {"path":"C:\\Users\\musta\\OneDrive - Ara Institute of Canterbury\\2022\\DE211\\Assignment 3\\React\\mycyclingapp\\src\\index--.js","statementMap":{"0":{"start":{"line":7,"column":13},"end":{"line":7,"column":65}},"1":{"start":{"line":8,"column":0},"end":{"line":12,"column":2}},"2":{"start":{"line":17,"column":0},"end":{"line":17,"column":18}}},"fnMap":{},"branchMap":{},"s":{"0":0,"1":0,"2":0},"f":{},"b":{}}
,"C:\\Users\\musta\\OneDrive - Ara Institute of Canterbury\\2022\\DE211\\Assignment 3\\React\\mycyclingapp\\src\\index.js": {"path":"C:\\Users\\musta\\OneDrive - Ara Institute of Canterbury\\2022\\DE211\\Assignment 3\\React\\mycyclingapp\\src\\index.js","statementMap":{"0":{"start":{"line":17,"column":0},"end":{"line":28,"column":2}},"1":{"start":{"line":30,"column":0},"end":{"line":30,"column":18}}},"fnMap":{},"branchMap":{},"s":{"0":0,"1":0},"f":{},"b":{}}
,"C:\\Users\\musta\\OneDrive - Ara Institute of Canterbury\\2022\\DE211\\Assignment 3\\React\\mycyclingapp\\src\\reportWebVitals.js": {"path":"C:\\Users\\musta\\OneDrive - Ara Institute of Canterbury\\2022\\DE211\\Assignment 3\\React\\mycyclingapp\\src\\reportWebVitals.js","statementMap":{"0":{"start":{"line":1,"column":24},"end":{"line":11,"column":1}},"1":{"start":{"line":2,"column":2},"end":{"line":10,"column":3}},"2":{"start":{"line":3,"column":4},"end":{"line":9,"column":7}},"3":{"start":{"line":4,"column":6},"end":{"line":4,"column":26}},"4":{"start":{"line":5,"column":6},"end":{"line":5,"column":26}},"5":{"start":{"line":6,"column":6},"end":{"line":6,"column":26}},"6":{"start":{"line":7,"column":6},"end":{"line":7,"column":26}},"7":{"start":{"line":8,"column":6},"end":{"line":8,"column":27}}},"fnMap":{"0":{"name":"(anonymous_0)","decl":{"start":{"line":1,"column":24},"end":{"line":1,"column":25}},"loc":{"start":{"line":1,"column":39},"end":{"line":11,"column":1}},"line":1},"1":{"name":"(anonymous_1)","decl":{"start":{"line":3,"column":30},"end":{"line":3,"column":31}},"loc":{"start":{"line":3,"column":79},"end":{"line":9,"column":5}},"line":3}},"branchMap":{"0":{"loc":{"start":{"line":2,"column":2},"end":{"line":10,"column":3}},"type":"if","locations":[{"start":{"line":2,"column":2},"end":{"line":10,"column":3}},{"start":{},"end":{}}],"line":2},"1":{"loc":{"start":{"line":2,"column":6},"end":{"line":2,"column":52}},"type":"binary-expr","locations":[{"start":{"line":2,"column":6},"end":{"line":2,"column":17}},{"start":{"line":2,"column":21},"end":{"line":2,"column":52}}],"line":2}},"s":{"0":0,"1":0,"2":0,"3":0,"4":0,"5":0,"6":0,"7":0},"f":{"0":0,"1":0},"b":{"0":[0,0],"1":[0,0]}}
,"C:\\Users\\musta\\OneDrive - Ara Institute of Canterbury\\2022\\DE211\\Assignment 3\\React\\mycyclingapp\\src\\test--App.js": {"path":"C:\\Users\\musta\\OneDrive - Ara Institute of Canterbury\\2022\\DE211\\Assignment 3\\React\\mycyclingapp\\src\\test--App.js","statementMap":{"0":{"start":{"line":4,"column":0},"end":{"line":8,"column":3}},"1":{"start":{"line":5,"column":2},"end":{"line":5,"column":18}},"2":{"start":{"line":6,"column":22},"end":{"line":6,"column":54}},"3":{"start":{"line":7,"column":2},"end":{"line":7,"column":42}}},"fnMap":{"0":{"name":"(anonymous_0)","decl":{"start":{"line":4,"column":33},"end":{"line":4,"column":34}},"loc":{"start":{"line":4,"column":39},"end":{"line":8,"column":1}},"line":4}},"branchMap":{},"s":{"0":0,"1":0,"2":0,"3":0},"f":{"0":0},"b":{}}
,"C:\\Users\\musta\\OneDrive - Ara Institute of Canterbury\\2022\\DE211\\Assignment 3\\React\\mycyclingapp\\src\\components\\---Home.jsx": {"path":"C:\\Users\\musta\\OneDrive - Ara Institute of Canterbury\\2022\\DE211\\Assignment 3\\React\\mycyclingapp\\src\\components\\---Home.jsx","statementMap":{"0":{"start":{"line":4,"column":2},"end":{"line":27,"column":4}}},"fnMap":{"0":{"name":"Home","decl":{"start":{"line":3,"column":9},"end":{"line":3,"column":13}},"loc":{"start":{"line":3,"column":16},"end":{"line":28,"column":1}},"line":3}},"branchMap":{},"s":{"0":0},"f":{"0":0},"b":{}}
,"C:\\Users\\musta\\OneDrive - Ara Institute of Canterbury\\2022\\DE211\\Assignment 3\\React\\mycyclingapp\\src\\components\\Contact.jsx": {"path":"C:\\Users\\musta\\OneDrive - Ara Institute of Canterbury\\2022\\DE211\\Assignment 3\\React\\mycyclingapp\\src\\components\\Contact.jsx","statementMap":{"0":{"start":{"line":10,"column":2},"end":{"line":28,"column":4}}},"fnMap":{"0":{"name":"(anonymous_0)","decl":{"start":{"line":9,"column":1},"end":{"line":9,"column":2}},"loc":{"start":{"line":9,"column":10},"end":{"line":29,"column":2}},"line":9}},"branchMap":{},"s":{"0":0},"f":{"0":0},"b":{}}
,"C:\\Users\\musta\\OneDrive - Ara Institute of Canterbury\\2022\\DE211\\Assignment 3\\React\\mycyclingapp\\src\\components\\Footer.jsx": {"path":"C:\\Users\\musta\\OneDrive - Ara Institute of Canterbury\\2022\\DE211\\Assignment 3\\React\\mycyclingapp\\src\\components\\Footer.jsx","statementMap":{"0":{"start":{"line":4,"column":2},"end":{"line":14,"column":4}}},"fnMap":{"0":{"name":"Footer","decl":{"start":{"line":3,"column":9},"end":{"line":3,"column":15}},"loc":{"start":{"line":3,"column":18},"end":{"line":15,"column":1}},"line":3}},"branchMap":{},"s":{"0":0},"f":{"0":0},"b":{}}
,"C:\\Users\\musta\\OneDrive - Ara Institute of Canterbury\\2022\\DE211\\Assignment 3\\React\\mycyclingapp\\src\\components\\Home.jsx": {"path":"C:\\Users\\musta\\OneDrive - Ara Institute of Canterbury\\2022\\DE211\\Assignment 3\\React\\mycyclingapp\\src\\components\\Home.jsx","statementMap":{"0":{"start":{"line":8,"column":2},"end":{"line":8,"column":14}},"1":{"start":{"line":9,"column":2},"end":{"line":20,"column":3}},"2":{"start":{"line":21,"column":2},"end":{"line":21,"column":56}},"3":{"start":{"line":22,"column":2},"end":{"line":22,"column":54}},"4":{"start":{"line":23,"column":2},"end":{"line":23,"column":42}},"5":{"start":{"line":24,"column":2},"end":{"line":24,"column":50}},"6":{"start":{"line":25,"column":2},"end":{"line":25,"column":50}},"7":{"start":{"line":26,"column":2},"end":{"line":26,"column":50}},"8":{"start":{"line":27,"column":2},"end":{"line":27,"column":50}},"9":{"start":{"line":29,"column":2},"end":{"line":29,"column":34}},"10":{"start":{"line":30,"column":2},"end":{"line":30,"column":34}},"11":{"start":{"line":35,"column":2},"end":{"line":35,"column":40}},"12":{"start":{"line":39,"column":2},"end":{"line":39,"column":44}},"13":{"start":{"line":43,"column":2},"end":{"line":43,"column":44}},"14":{"start":{"line":47,"column":2},"end":{"line":47,"column":41}},"15":{"start":{"line":51,"column":2},"end":{"line":51,"column":41}},"16":{"start":{"line":55,"column":2},"end":{"line":55,"column":21}},"17":{"start":{"line":57,"column":2},"end":{"line":57,"column":45}},"18":{"start":{"line":58,"column":2},"end":{"line":58,"column":46}},"19":{"start":{"line":59,"column":2},"end":{"line":69,"column":3}},"20":{"start":{"line":60,"column":3},"end":{"line":60,"column":43}},"21":{"start":{"line":61,"column":3},"end":{"line":61,"column":27}},"22":{"start":{"line":62,"column":3},"end":{"line":62,"column":47}},"23":{"start":{"line":65,"column":3},"end":{"line":65,"column":63}},"24":{"start":{"line":66,"column":3},"end":{"line":66,"column":61}},"25":{"start":{"line":67,"column":3},"end":{"line":67,"column":57}},"26":{"start":{"line":68,"column":3},"end":{"line":68,"column":57}},"27":{"start":{"line":76,"column":2},"end":{"line":76,"column":44}},"28":{"start":{"line":77,"column":2},"end":{"line":77,"column":47}},"29":{"start":{"line":83,"column":2},"end":{"line":83,"column":45}},"30":{"start":{"line":87,"column":16},"end":{"line":87,"column":62}},"31":{"start":{"line":90,"column":20},"end":{"line":90,"column":33}},"32":{"start":{"line":91,"column":3},"end":{"line":93,"column":4}},"33":{"start":{"line":92,"column":4},"end":{"line":92,"column":35}},"34":{"start":{"line":95,"column":3},"end":{"line":102,"column":4}},"35":{"start":{"line":95,"column":16},"end":{"line":95,"column":17}},"36":{"start":{"line":97,"column":4},"end":{"line":97,"column":96}},"37":{"start":{"line":98,"column":4},"end":{"line":98,"column":56}},"38":{"start":{"line":100,"column":4},"end":{"line":100,"column":79}},"39":{"start":{"line":103,"column":3},"end":{"line":103,"column":21}},"40":{"start":{"line":106,"column":20},"end":{"line":106,"column":50}},"41":{"start":{"line":107,"column":2},"end":{"line":107,"column":32}},"42":{"start":{"line":108,"column":2},"end":{"line":108,"column":57}},"43":{"start":{"line":109,"column":2},"end":{"line":109,"column":26}},"44":{"start":{"line":111,"column":2},"end":{"line":111,"column":46}},"45":{"start":{"line":112,"column":2},"end":{"line":112,"column":56}},"46":{"start":{"line":113,"column":2},"end":{"line":113,"column":54}},"47":{"start":{"line":114,"column":2},"end":{"line":114,"column":45}},"48":{"start":{"line":115,"column":2},"end":{"line":115,"column":50}},"49":{"start":{"line":116,"column":2},"end":{"line":116,"column":50}},"50":{"start":{"line":120,"column":64},"end":{"line":120,"column":74}},"51":{"start":{"line":121,"column":2},"end":{"line":121,"column":138}},"52":{"start":{"line":122,"column":2},"end":{"line":122,"column":41}},"53":{"start":{"line":123,"column":2},"end":{"line":184,"column":4}}},"fnMap":{"0":{"name":"(anonymous_0)","decl":{"start":{"line":7,"column":1},"end":{"line":7,"column":2}},"loc":{"start":{"line":7,"column":20},"end":{"line":32,"column":2}},"line":7},"1":{"name":"(anonymous_1)","decl":{"start":{"line":34,"column":1},"end":{"line":34,"column":2}},"loc":{"start":{"line":34,"column":13},"end":{"line":36,"column":2}},"line":34},"2":{"name":"(anonymous_2)","decl":{"start":{"line":38,"column":1},"end":{"line":38,"column":2}},"loc":{"start":{"line":38,"column":20},"end":{"line":40,"column":2}},"line":38},"3":{"name":"(anonymous_3)","decl":{"start":{"line":42,"column":1},"end":{"line":42,"column":2}},"loc":{"start":{"line":42,"column":19},"end":{"line":44,"column":2}},"line":42},"4":{"name":"(anonymous_4)","decl":{"start":{"line":46,"column":1},"end":{"line":46,"column":2}},"loc":{"start":{"line":46,"column":17},"end":{"line":48,"column":2}},"line":46},"5":{"name":"(anonymous_5)","decl":{"start":{"line":50,"column":1},"end":{"line":50,"column":2}},"loc":{"start":{"line":50,"column":17},"end":{"line":52,"column":2}},"line":50},"6":{"name":"(anonymous_6)","decl":{"start":{"line":54,"column":1},"end":{"line":54,"column":2}},"loc":{"start":{"line":54,"column":17},"end":{"line":71,"column":2}},"line":54},"7":{"name":"(anonymous_7)","decl":{"start":{"line":73,"column":1},"end":{"line":73,"column":2}},"loc":{"start":{"line":73,"column":17},"end":{"line":78,"column":2}},"line":73},"8":{"name":"(anonymous_8)","decl":{"start":{"line":82,"column":1},"end":{"line":82,"column":2}},"loc":{"start":{"line":82,"column":9},"end":{"line":84,"column":2}},"line":82},"9":{"name":"(anonymous_9)","decl":{"start":{"line":86,"column":1},"end":{"line":86,"column":2}},"loc":{"start":{"line":86,"column":9},"end":{"line":117,"column":2}},"line":86},"10":{"name":"convertToCyclistClass","decl":{"start":{"line":89,"column":11},"end":{"line":89,"column":32}},"loc":{"start":{"line":89,"column":42},"end":{"line":104,"column":3}},"line":89},"11":{"name":"(anonymous_11)","decl":{"start":{"line":119,"column":1},"end":{"line":119,"column":2}},"loc":{"start":{"line":119,"column":10},"end":{"line":185,"column":2}},"line":119}},"branchMap":{"0":{"loc":{"start":{"line":59,"column":2},"end":{"line":69,"column":3}},"type":"if","locations":[{"start":{"line":59,"column":2},"end":{"line":69,"column":3}},{"start":{"line":64,"column":9},"end":{"line":69,"column":3}}],"line":59},"1":{"loc":{"start":{"line":129,"column":8},"end":{"line":162,"column":8}},"type":"binary-expr","locations":[{"start":{"line":129,"column":8},"end":{"line":129,"column":27}},{"start":{"line":130,"column":8},"end":{"line":160,"column":14}}],"line":129},"2":{"loc":{"start":{"line":163,"column":8},"end":{"line":174,"column":8}},"type":"binary-expr","locations":[{"start":{"line":163,"column":8},"end":{"line":163,"column":29}},{"start":{"line":164,"column":8},"end":{"line":173,"column":14}}],"line":163}},"s":{"0":0,"1":0,"2":0,"3":0,"4":0,"5":0,"6":0,"7":0,"8":0,"9":0,"10":0,"11":0,"12":0,"13":0,"14":0,"15":0,"16":0,"17":0,"18":0,"19":0,"20":0,"21":0,"22":0,"23":0,"24":0,"25":0,"26":0,"27":0,"28":0,"29":0,"30":0,"31":0,"32":0,"33":0,"34":0,"35":0,"36":0,"37":0,"38":0,"39":0,"40":0,"41":0,"42":0,"43":0,"44":0,"45":0,"46":0,"47":0,"48":0,"49":0,"50":0,"51":0,"52":0,"53":0},"f":{"0":0,"1":0,"2":0,"3":0,"4":0,"5":0,"6":0,"7":0,"8":0,"9":0,"10":0,"11":0},"b":{"0":[0,0],"1":[0,0],"2":[0,0]}}
,"C:\\Users\\musta\\OneDrive - Ara Institute of Canterbury\\2022\\DE211\\Assignment 3\\React\\mycyclingapp\\src\\components\\Logs.jsx": {"path":"C:\\Users\\musta\\OneDrive - Ara Institute of Canterbury\\2022\\DE211\\Assignment 3\\React\\mycyclingapp\\src\\components\\Logs.jsx","statementMap":{"0":{"start":{"line":8,"column":2},"end":{"line":8,"column":14}},"1":{"start":{"line":9,"column":2},"end":{"line":32,"column":3}},"2":{"start":{"line":33,"column":2},"end":{"line":33,"column":38}},"3":{"start":{"line":34,"column":2},"end":{"line":34,"column":34}},"4":{"start":{"line":35,"column":2},"end":{"line":35,"column":34}},"5":{"start":{"line":40,"column":2},"end":{"line":40,"column":56}},"6":{"start":{"line":41,"column":2},"end":{"line":41,"column":44}},"7":{"start":{"line":43,"column":2},"end":{"line":43,"column":54}},"8":{"start":{"line":44,"column":2},"end":{"line":44,"column":62}},"9":{"start":{"line":45,"column":2},"end":{"line":45,"column":50}},"10":{"start":{"line":46,"column":2},"end":{"line":46,"column":54}},"11":{"start":{"line":48,"column":2},"end":{"line":48,"column":54}},"12":{"start":{"line":49,"column":2},"end":{"line":49,"column":58}},"13":{"start":{"line":50,"column":2},"end":{"line":50,"column":66}},"14":{"start":{"line":51,"column":2},"end":{"line":51,"column":58}},"15":{"start":{"line":52,"column":2},"end":{"line":52,"column":62}},"16":{"start":{"line":53,"column":2},"end":{"line":53,"column":50}},"17":{"start":{"line":54,"column":2},"end":{"line":54,"column":54}},"18":{"start":{"line":56,"column":2},"end":{"line":56,"column":58}},"19":{"start":{"line":57,"column":2},"end":{"line":57,"column":58}},"20":{"start":{"line":58,"column":2},"end":{"line":58,"column":46}},"21":{"start":{"line":60,"column":2},"end":{"line":60,"column":62}},"22":{"start":{"line":61,"column":2},"end":{"line":61,"column":62}},"23":{"start":{"line":62,"column":2},"end":{"line":62,"column":50}},"24":{"start":{"line":64,"column":2},"end":{"line":64,"column":50}},"25":{"start":{"line":65,"column":2},"end":{"line":65,"column":58}},"26":{"start":{"line":66,"column":2},"end":{"line":66,"column":46}},"27":{"start":{"line":68,"column":2},"end":{"line":68,"column":60}},"28":{"start":{"line":70,"column":2},"end":{"line":70,"column":34}},"29":{"start":{"line":71,"column":2},"end":{"line":71,"column":34}},"30":{"start":{"line":88,"column":2},"end":{"line":88,"column":21}},"31":{"start":{"line":92,"column":2},"end":{"line":92,"column":139}},"32":{"start":{"line":93,"column":2},"end":{"line":93,"column":31}},"33":{"start":{"line":94,"column":2},"end":{"line":94,"column":57}},"34":{"start":{"line":95,"column":2},"end":{"line":95,"column":33}},"35":{"start":{"line":99,"column":2},"end":{"line":99,"column":32}},"36":{"start":{"line":100,"column":2},"end":{"line":100,"column":36}},"37":{"start":{"line":101,"column":2},"end":{"line":101,"column":36}},"38":{"start":{"line":102,"column":2},"end":{"line":102,"column":34}},"39":{"start":{"line":103,"column":2},"end":{"line":103,"column":36}},"40":{"start":{"line":104,"column":2},"end":{"line":104,"column":34}},"41":{"start":{"line":105,"column":2},"end":{"line":105,"column":36}},"42":{"start":{"line":112,"column":2},"end":{"line":112,"column":43}},"43":{"start":{"line":116,"column":2},"end":{"line":116,"column":21}},"44":{"start":{"line":117,"column":2},"end":{"line":117,"column":57}},"45":{"start":{"line":118,"column":2},"end":{"line":118,"column":57}},"46":{"start":{"line":119,"column":2},"end":{"line":119,"column":36}},"47":{"start":{"line":123,"column":2},"end":{"line":123,"column":33}},"48":{"start":{"line":124,"column":2},"end":{"line":124,"column":35}},"49":{"start":{"line":125,"column":2},"end":{"line":125,"column":36}},"50":{"start":{"line":126,"column":2},"end":{"line":126,"column":34}},"51":{"start":{"line":127,"column":2},"end":{"line":127,"column":36}},"52":{"start":{"line":128,"column":2},"end":{"line":128,"column":34}},"53":{"start":{"line":129,"column":2},"end":{"line":129,"column":36}},"54":{"start":{"line":133,"column":2},"end":{"line":133,"column":33}},"55":{"start":{"line":134,"column":2},"end":{"line":134,"column":57}},"56":{"start":{"line":140,"column":2},"end":{"line":140,"column":43}},"57":{"start":{"line":144,"column":2},"end":{"line":144,"column":45}},"58":{"start":{"line":148,"column":2},"end":{"line":148,"column":49}},"59":{"start":{"line":152,"column":2},"end":{"line":152,"column":45}},"60":{"start":{"line":156,"column":2},"end":{"line":156,"column":21}},"61":{"start":{"line":157,"column":2},"end":{"line":157,"column":156}},"62":{"start":{"line":158,"column":2},"end":{"line":158,"column":24}},"63":{"start":{"line":159,"column":2},"end":{"line":159,"column":33}},"64":{"start":{"line":160,"column":2},"end":{"line":160,"column":57}},"65":{"start":{"line":161,"column":2},"end":{"line":161,"column":23}},"66":{"start":{"line":162,"column":2},"end":{"line":162,"column":33}},"67":{"start":{"line":163,"column":2},"end":{"line":163,"column":31}},"68":{"start":{"line":164,"column":2},"end":{"line":164,"column":36}},"69":{"start":{"line":168,"column":2},"end":{"line":168,"column":33}},"70":{"start":{"line":169,"column":2},"end":{"line":169,"column":36}},"71":{"start":{"line":170,"column":2},"end":{"line":170,"column":35}},"72":{"start":{"line":171,"column":2},"end":{"line":171,"column":34}},"73":{"start":{"line":172,"column":2},"end":{"line":172,"column":36}},"74":{"start":{"line":173,"column":2},"end":{"line":173,"column":34}},"75":{"start":{"line":174,"column":2},"end":{"line":174,"column":36}},"76":{"start":{"line":178,"column":2},"end":{"line":178,"column":31}},"77":{"start":{"line":179,"column":2},"end":{"line":179,"column":57}},"78":{"start":{"line":185,"column":2},"end":{"line":185,"column":43}},"79":{"start":{"line":189,"column":2},"end":{"line":189,"column":21}},"80":{"start":{"line":190,"column":2},"end":{"line":197,"column":3}},"81":{"start":{"line":191,"column":3},"end":{"line":191,"column":35}},"82":{"start":{"line":192,"column":9},"end":{"line":197,"column":3}},"83":{"start":{"line":193,"column":3},"end":{"line":193,"column":37}},"84":{"start":{"line":195,"column":3},"end":{"line":195,"column":29}},"85":{"start":{"line":199,"column":2},"end":{"line":199,"column":57}},"86":{"start":{"line":200,"column":2},"end":{"line":200,"column":34}},"87":{"start":{"line":204,"column":2},"end":{"line":204,"column":33}},"88":{"start":{"line":205,"column":2},"end":{"line":205,"column":36}},"89":{"start":{"line":206,"column":2},"end":{"line":206,"column":36}},"90":{"start":{"line":207,"column":2},"end":{"line":207,"column":33}},"91":{"start":{"line":208,"column":2},"end":{"line":208,"column":36}},"92":{"start":{"line":209,"column":2},"end":{"line":209,"column":34}},"93":{"start":{"line":210,"column":2},"end":{"line":210,"column":36}},"94":{"start":{"line":216,"column":2},"end":{"line":216,"column":45}},"95":{"start":{"line":220,"column":2},"end":{"line":220,"column":21}},"96":{"start":{"line":222,"column":2},"end":{"line":242,"column":3}},"97":{"start":{"line":223,"column":3},"end":{"line":223,"column":59}},"98":{"start":{"line":224,"column":3},"end":{"line":226,"column":4}},"99":{"start":{"line":225,"column":4},"end":{"line":225,"column":36}},"100":{"start":{"line":228,"column":9},"end":{"line":242,"column":3}},"101":{"start":{"line":229,"column":3},"end":{"line":229,"column":59}},"102":{"start":{"line":230,"column":3},"end":{"line":232,"column":4}},"103":{"start":{"line":231,"column":4},"end":{"line":231,"column":36}},"104":{"start":{"line":234,"column":9},"end":{"line":242,"column":3}},"105":{"start":{"line":235,"column":3},"end":{"line":235,"column":68}},"106":{"start":{"line":236,"column":3},"end":{"line":238,"column":4}},"107":{"start":{"line":237,"column":4},"end":{"line":237,"column":36}},"108":{"start":{"line":241,"column":3},"end":{"line":241,"column":58}},"109":{"start":{"line":244,"column":2},"end":{"line":244,"column":36}},"110":{"start":{"line":248,"column":2},"end":{"line":248,"column":33}},"111":{"start":{"line":249,"column":2},"end":{"line":249,"column":36}},"112":{"start":{"line":250,"column":2},"end":{"line":250,"column":36}},"113":{"start":{"line":251,"column":2},"end":{"line":251,"column":34}},"114":{"start":{"line":252,"column":2},"end":{"line":252,"column":35}},"115":{"start":{"line":253,"column":2},"end":{"line":253,"column":34}},"116":{"start":{"line":254,"column":2},"end":{"line":254,"column":36}},"117":{"start":{"line":260,"column":2},"end":{"line":260,"column":41}},"118":{"start":{"line":264,"column":2},"end":{"line":264,"column":21}},"119":{"start":{"line":265,"column":15},"end":{"line":265,"column":66}},"120":{"start":{"line":266,"column":2},"end":{"line":266,"column":22}},"121":{"start":{"line":270,"column":2},"end":{"line":276,"column":3}},"122":{"start":{"line":271,"column":3},"end":{"line":271,"column":78}},"123":{"start":{"line":272,"column":3},"end":{"line":272,"column":29}},"124":{"start":{"line":274,"column":3},"end":{"line":274,"column":35}},"125":{"start":{"line":275,"column":3},"end":{"line":275,"column":61}},"126":{"start":{"line":287,"column":2},"end":{"line":287,"column":33}},"127":{"start":{"line":288,"column":2},"end":{"line":288,"column":36}},"128":{"start":{"line":289,"column":2},"end":{"line":289,"column":36}},"129":{"start":{"line":290,"column":2},"end":{"line":290,"column":34}},"130":{"start":{"line":291,"column":2},"end":{"line":291,"column":36}},"131":{"start":{"line":292,"column":2},"end":{"line":292,"column":33}},"132":{"start":{"line":293,"column":2},"end":{"line":293,"column":36}},"133":{"start":{"line":299,"column":2},"end":{"line":299,"column":40}},"134":{"start":{"line":300,"column":2},"end":{"line":300,"column":60}},"135":{"start":{"line":301,"column":2},"end":{"line":301,"column":33}},"136":{"start":{"line":302,"column":2},"end":{"line":302,"column":36}},"137":{"start":{"line":303,"column":2},"end":{"line":303,"column":36}},"138":{"start":{"line":304,"column":2},"end":{"line":304,"column":34}},"139":{"start":{"line":305,"column":2},"end":{"line":305,"column":36}},"140":{"start":{"line":306,"column":2},"end":{"line":306,"column":34}},"141":{"start":{"line":307,"column":2},"end":{"line":307,"column":35}},"142":{"start":{"line":314,"column":2},"end":{"line":314,"column":45}},"143":{"start":{"line":318,"column":16},"end":{"line":318,"column":62}},"144":{"start":{"line":321,"column":20},"end":{"line":321,"column":33}},"145":{"start":{"line":322,"column":3},"end":{"line":324,"column":4}},"146":{"start":{"line":323,"column":4},"end":{"line":323,"column":35}},"147":{"start":{"line":326,"column":3},"end":{"line":333,"column":4}},"148":{"start":{"line":326,"column":16},"end":{"line":326,"column":17}},"149":{"start":{"line":328,"column":4},"end":{"line":328,"column":96}},"150":{"start":{"line":329,"column":4},"end":{"line":329,"column":56}},"151":{"start":{"line":331,"column":4},"end":{"line":331,"column":79}},"152":{"start":{"line":334,"column":3},"end":{"line":334,"column":21}},"153":{"start":{"line":337,"column":20},"end":{"line":337,"column":50}},"154":{"start":{"line":338,"column":2},"end":{"line":338,"column":32}},"155":{"start":{"line":339,"column":2},"end":{"line":339,"column":57}},"156":{"start":{"line":340,"column":2},"end":{"line":340,"column":26}},"157":{"start":{"line":347,"column":16},"end":{"line":347,"column":45}},"158":{"start":{"line":348,"column":97},"end":{"line":348,"column":107}},"159":{"start":{"line":350,"column":2},"end":{"line":485,"column":4}}},"fnMap":{"0":{"name":"(anonymous_0)","decl":{"start":{"line":7,"column":1},"end":{"line":7,"column":2}},"loc":{"start":{"line":7,"column":20},"end":{"line":72,"column":2}},"line":7},"1":{"name":"(anonymous_1)","decl":{"start":{"line":87,"column":1},"end":{"line":87,"column":2}},"loc":{"start":{"line":87,"column":20},"end":{"line":96,"column":2}},"line":87},"2":{"name":"(anonymous_2)","decl":{"start":{"line":98,"column":1},"end":{"line":98,"column":2}},"loc":{"start":{"line":98,"column":14},"end":{"line":107,"column":2}},"line":98},"3":{"name":"(anonymous_3)","decl":{"start":{"line":111,"column":1},"end":{"line":111,"column":2}},"loc":{"start":{"line":111,"column":19},"end":{"line":113,"column":2}},"line":111},"4":{"name":"(anonymous_4)","decl":{"start":{"line":115,"column":1},"end":{"line":115,"column":2}},"loc":{"start":{"line":115,"column":23},"end":{"line":120,"column":2}},"line":115},"5":{"name":"(anonymous_5)","decl":{"start":{"line":122,"column":1},"end":{"line":122,"column":2}},"loc":{"start":{"line":122,"column":17},"end":{"line":130,"column":2}},"line":122},"6":{"name":"(anonymous_6)","decl":{"start":{"line":132,"column":1},"end":{"line":132,"column":2}},"loc":{"start":{"line":132,"column":19},"end":{"line":135,"column":2}},"line":132},"7":{"name":"(anonymous_7)","decl":{"start":{"line":139,"column":1},"end":{"line":139,"column":2}},"loc":{"start":{"line":139,"column":19},"end":{"line":141,"column":2}},"line":139},"8":{"name":"(anonymous_8)","decl":{"start":{"line":143,"column":1},"end":{"line":143,"column":2}},"loc":{"start":{"line":143,"column":21},"end":{"line":145,"column":2}},"line":143},"9":{"name":"(anonymous_9)","decl":{"start":{"line":147,"column":1},"end":{"line":147,"column":2}},"loc":{"start":{"line":147,"column":25},"end":{"line":149,"column":2}},"line":147},"10":{"name":"(anonymous_10)","decl":{"start":{"line":151,"column":1},"end":{"line":151,"column":2}},"loc":{"start":{"line":151,"column":21},"end":{"line":153,"column":2}},"line":151},"11":{"name":"(anonymous_11)","decl":{"start":{"line":155,"column":1},"end":{"line":155,"column":2}},"loc":{"start":{"line":155,"column":23},"end":{"line":165,"column":2}},"line":155},"12":{"name":"(anonymous_12)","decl":{"start":{"line":167,"column":1},"end":{"line":167,"column":2}},"loc":{"start":{"line":167,"column":17},"end":{"line":175,"column":2}},"line":167},"13":{"name":"(anonymous_13)","decl":{"start":{"line":177,"column":1},"end":{"line":177,"column":2}},"loc":{"start":{"line":177,"column":19},"end":{"line":180,"column":2}},"line":177},"14":{"name":"(anonymous_14)","decl":{"start":{"line":184,"column":1},"end":{"line":184,"column":2}},"loc":{"start":{"line":184,"column":21},"end":{"line":186,"column":2}},"line":184},"15":{"name":"(anonymous_15)","decl":{"start":{"line":188,"column":1},"end":{"line":188,"column":2}},"loc":{"start":{"line":188,"column":21},"end":{"line":201,"column":2}},"line":188},"16":{"name":"(anonymous_16)","decl":{"start":{"line":203,"column":1},"end":{"line":203,"column":2}},"loc":{"start":{"line":203,"column":15},"end":{"line":211,"column":2}},"line":203},"17":{"name":"(anonymous_17)","decl":{"start":{"line":215,"column":1},"end":{"line":215,"column":2}},"loc":{"start":{"line":215,"column":23},"end":{"line":217,"column":2}},"line":215},"18":{"name":"(anonymous_18)","decl":{"start":{"line":219,"column":1},"end":{"line":219,"column":2}},"loc":{"start":{"line":219,"column":23},"end":{"line":245,"column":2}},"line":219},"19":{"name":"(anonymous_19)","decl":{"start":{"line":247,"column":1},"end":{"line":247,"column":2}},"loc":{"start":{"line":247,"column":17},"end":{"line":255,"column":2}},"line":247},"20":{"name":"(anonymous_20)","decl":{"start":{"line":259,"column":1},"end":{"line":259,"column":2}},"loc":{"start":{"line":259,"column":17},"end":{"line":261,"column":2}},"line":259},"21":{"name":"(anonymous_21)","decl":{"start":{"line":263,"column":1},"end":{"line":263,"column":2}},"loc":{"start":{"line":263,"column":21},"end":{"line":284,"column":2}},"line":263},"22":{"name":"(anonymous_22)","decl":{"start":{"line":286,"column":1},"end":{"line":286,"column":2}},"loc":{"start":{"line":286,"column":15},"end":{"line":294,"column":2}},"line":286},"23":{"name":"(anonymous_23)","decl":{"start":{"line":298,"column":1},"end":{"line":298,"column":2}},"loc":{"start":{"line":298,"column":22},"end":{"line":309,"column":2}},"line":298},"24":{"name":"(anonymous_24)","decl":{"start":{"line":313,"column":1},"end":{"line":313,"column":2}},"loc":{"start":{"line":313,"column":9},"end":{"line":315,"column":2}},"line":313},"25":{"name":"(anonymous_25)","decl":{"start":{"line":317,"column":1},"end":{"line":317,"column":2}},"loc":{"start":{"line":317,"column":9},"end":{"line":341,"column":2}},"line":317},"26":{"name":"convertToCyclistClass","decl":{"start":{"line":320,"column":11},"end":{"line":320,"column":32}},"loc":{"start":{"line":320,"column":42},"end":{"line":335,"column":3}},"line":320},"27":{"name":"(anonymous_27)","decl":{"start":{"line":345,"column":2},"end":{"line":345,"column":3}},"loc":{"start":{"line":345,"column":11},"end":{"line":486,"column":2}},"line":345}},"branchMap":{"0":{"loc":{"start":{"line":190,"column":2},"end":{"line":197,"column":3}},"type":"if","locations":[{"start":{"line":190,"column":2},"end":{"line":197,"column":3}},{"start":{"line":192,"column":9},"end":{"line":197,"column":3}}],"line":190},"1":{"loc":{"start":{"line":192,"column":9},"end":{"line":197,"column":3}},"type":"if","locations":[{"start":{"line":192,"column":9},"end":{"line":197,"column":3}},{"start":{"line":194,"column":9},"end":{"line":197,"column":3}}],"line":192},"2":{"loc":{"start":{"line":222,"column":2},"end":{"line":242,"column":3}},"type":"if","locations":[{"start":{"line":222,"column":2},"end":{"line":242,"column":3}},{"start":{"line":228,"column":9},"end":{"line":242,"column":3}}],"line":222},"3":{"loc":{"start":{"line":224,"column":3},"end":{"line":226,"column":4}},"type":"if","locations":[{"start":{"line":224,"column":3},"end":{"line":226,"column":4}},{"start":{},"end":{}}],"line":224},"4":{"loc":{"start":{"line":228,"column":9},"end":{"line":242,"column":3}},"type":"if","locations":[{"start":{"line":228,"column":9},"end":{"line":242,"column":3}},{"start":{"line":234,"column":9},"end":{"line":242,"column":3}}],"line":228},"5":{"loc":{"start":{"line":230,"column":3},"end":{"line":232,"column":4}},"type":"if","locations":[{"start":{"line":230,"column":3},"end":{"line":232,"column":4}},{"start":{},"end":{}}],"line":230},"6":{"loc":{"start":{"line":234,"column":9},"end":{"line":242,"column":3}},"type":"if","locations":[{"start":{"line":234,"column":9},"end":{"line":242,"column":3}},{"start":{"line":240,"column":9},"end":{"line":242,"column":3}}],"line":234},"7":{"loc":{"start":{"line":236,"column":3},"end":{"line":238,"column":4}},"type":"if","locations":[{"start":{"line":236,"column":3},"end":{"line":238,"column":4}},{"start":{},"end":{}}],"line":236},"8":{"loc":{"start":{"line":270,"column":2},"end":{"line":276,"column":3}},"type":"if","locations":[{"start":{"line":270,"column":2},"end":{"line":276,"column":3}},{"start":{"line":273,"column":9},"end":{"line":276,"column":3}}],"line":270},"9":{"loc":{"start":{"line":373,"column":8},"end":{"line":391,"column":8}},"type":"binary-expr","locations":[{"start":{"line":373,"column":8},"end":{"line":373,"column":15}},{"start":{"line":374,"column":8},"end":{"line":390,"column":14}}],"line":373},"10":{"loc":{"start":{"line":392,"column":8},"end":{"line":402,"column":8}},"type":"binary-expr","locations":[{"start":{"line":392,"column":8},"end":{"line":392,"column":18}},{"start":{"line":393,"column":8},"end":{"line":401,"column":14}}],"line":392},"11":{"loc":{"start":{"line":403,"column":8},"end":{"line":426,"column":8}},"type":"binary-expr","locations":[{"start":{"line":403,"column":8},"end":{"line":403,"column":18}},{"start":{"line":404,"column":8},"end":{"line":425,"column":14}}],"line":403},"12":{"loc":{"start":{"line":427,"column":8},"end":{"line":441,"column":8}},"type":"binary-expr","locations":[{"start":{"line":427,"column":8},"end":{"line":427,"column":16}},{"start":{"line":428,"column":8},"end":{"line":440,"column":14}}],"line":427},"13":{"loc":{"start":{"line":442,"column":8},"end":{"line":457,"column":8}},"type":"binary-expr","locations":[{"start":{"line":442,"column":8},"end":{"line":442,"column":18}},{"start":{"line":443,"column":8},"end":{"line":456,"column":14}}],"line":442},"14":{"loc":{"start":{"line":458,"column":8},"end":{"line":469,"column":8}},"type":"binary-expr","locations":[{"start":{"line":458,"column":8},"end":{"line":458,"column":16}},{"start":{"line":459,"column":8},"end":{"line":468,"column":14}}],"line":458},"15":{"loc":{"start":{"line":470,"column":8},"end":{"line":474,"column":8}},"type":"binary-expr","locations":[{"start":{"line":470,"column":8},"end":{"line":470,"column":18}},{"start":{"line":471,"column":8},"end":{"line":473,"column":14}}],"line":470}},"s":{"0":0,"1":0,"2":0,"3":0,"4":0,"5":0,"6":0,"7":0,"8":0,"9":0,"10":0,"11":0,"12":0,"13":0,"14":0,"15":0,"16":0,"17":0,"18":0,"19":0,"20":0,"21":0,"22":0,"23":0,"24":0,"25":0,"26":0,"27":0,"28":0,"29":0,"30":0,"31":0,"32":0,"33":0,"34":0,"35":0,"36":0,"37":0,"38":0,"39":0,"40":0,"41":0,"42":0,"43":0,"44":0,"45":0,"46":0,"47":0,"48":0,"49":0,"50":0,"51":0,"52":0,"53":0,"54":0,"55":0,"56":0,"57":0,"58":0,"59":0,"60":0,"61":0,"62":0,"63":0,"64":0,"65":0,"66":0,"67":0,"68":0,"69":0,"70":0,"71":0,"72":0,"73":0,"74":0,"75":0,"76":0,"77":0,"78":0,"79":0,"80":0,"81":0,"82":0,"83":0,"84":0,"85":0,"86":0,"87":0,"88":0,"89":0,"90":0,"91":0,"92":0,"93":0,"94":0,"95":0,"96":0,"97":0,"98":0,"99":0,"100":0,"101":0,"102":0,"103":0,"104":0,"105":0,"106":0,"107":0,"108":0,"109":0,"110":0,"111":0,"112":0,"113":0,"114":0,"115":0,"116":0,"117":0,"118":0,"119":0,"120":0,"121":0,"122":0,"123":0,"124":0,"125":0,"126":0,"127":0,"128":0,"129":0,"130":0,"131":0,"132":0,"133":0,"134":0,"135":0,"136":0,"137":0,"138":0,"139":0,"140":0,"141":0,"142":0,"143":0,"144":0,"145":0,"146":0,"147":0,"148":0,"149":0,"150":0,"151":0,"152":0,"153":0,"154":0,"155":0,"156":0,"157":0,"158":0,"159":0},"f":{"0":0,"1":0,"2":0,"3":0,"4":0,"5":0,"6":0,"7":0,"8":0,"9":0,"10":0,"11":0,"12":0,"13":0,"14":0,"15":0,"16":0,"17":0,"18":0,"19":0,"20":0,"21":0,"22":0,"23":0,"24":0,"25":0,"26":0,"27":0},"b":{"0":[0,0],"1":[0,0],"2":[0,0],"3":[0,0],"4":[0,0],"5":[0,0],"6":[0,0],"7":[0,0],"8":[0,0],"9":[0,0],"10":[0,0],"11":[0,0],"12":[0,0],"13":[0,0],"14":[0,0],"15":[0,0]}}
,"C:\\Users\\musta\\OneDrive - Ara Institute of Canterbury\\2022\\DE211\\Assignment 3\\React\\mycyclingapp\\src\\components\\Navigation.jsx": {"path":"C:\\Users\\musta\\OneDrive - Ara Institute of Canterbury\\2022\\DE211\\Assignment 3\\React\\mycyclingapp\\src\\components\\Navigation.jsx","statementMap":{"0":{"start":{"line":8,"column":1},"end":{"line":8,"column":52}},"1":{"start":{"line":9,"column":1},"end":{"line":9,"column":24}},"2":{"start":{"line":10,"column":2},"end":{"line":35,"column":4}}},"fnMap":{"0":{"name":"Navigation","decl":{"start":{"line":7,"column":9},"end":{"line":7,"column":19}},"loc":{"start":{"line":7,"column":22},"end":{"line":36,"column":1}},"line":7}},"branchMap":{},"s":{"0":0,"1":0,"2":0},"f":{"0":0},"b":{}}
,"C:\\Users\\musta\\OneDrive - Ara Institute of Canterbury\\2022\\DE211\\Assignment 3\\React\\mycyclingapp\\src\\components\\form-template.jsx": {"path":"C:\\Users\\musta\\OneDrive - Ara Institute of Canterbury\\2022\\DE211\\Assignment 3\\React\\mycyclingapp\\src\\components\\form-template.jsx","statementMap":{"0":{"start":{"line":6,"column":4},"end":{"line":6,"column":16}},"1":{"start":{"line":7,"column":4},"end":{"line":11,"column":5}},"2":{"start":{"line":15,"column":4},"end":{"line":15,"column":52}},"3":{"start":{"line":16,"column":4},"end":{"line":16,"column":50}},"4":{"start":{"line":20,"column":4},"end":{"line":20,"column":47}},"5":{"start":{"line":28,"column":25},"end":{"line":28,"column":74}},"6":{"start":{"line":30,"column":19},"end":{"line":30,"column":20}},"7":{"start":{"line":31,"column":4},"end":{"line":36,"column":5}},"8":{"start":{"line":32,"column":6},"end":{"line":34,"column":7}},"9":{"start":{"line":33,"column":8},"end":{"line":33,"column":13}},"10":{"start":{"line":35,"column":6},"end":{"line":35,"column":16}},"11":{"start":{"line":37,"column":4},"end":{"line":41,"column":6}},"12":{"start":{"line":45,"column":4},"end":{"line":59,"column":5}}},"fnMap":{"0":{"name":"(anonymous_0)","decl":{"start":{"line":5,"column":2},"end":{"line":5,"column":3}},"loc":{"start":{"line":5,"column":21},"end":{"line":17,"column":3}},"line":5},"1":{"name":"(anonymous_1)","decl":{"start":{"line":19,"column":2},"end":{"line":19,"column":3}},"loc":{"start":{"line":19,"column":18},"end":{"line":21,"column":3}},"line":19},"2":{"name":"(anonymous_2)","decl":{"start":{"line":23,"column":2},"end":{"line":23,"column":3}},"loc":{"start":{"line":23,"column":17},"end":{"line":42,"column":3}},"line":23},"3":{"name":"(anonymous_3)","decl":{"start":{"line":44,"column":2},"end":{"line":44,"column":3}},"loc":{"start":{"line":44,"column":11},"end":{"line":60,"column":3}},"line":44}},"branchMap":{"0":{"loc":{"start":{"line":32,"column":6},"end":{"line":34,"column":7}},"type":"if","locations":[{"start":{"line":32,"column":6},"end":{"line":34,"column":7}},{"start":{},"end":{}}],"line":32}},"s":{"0":0,"1":0,"2":0,"3":0,"4":0,"5":0,"6":0,"7":0,"8":0,"9":0,"10":0,"11":0,"12":0},"f":{"0":0,"1":0,"2":0,"3":0},"b":{"0":[0,0]}}
,"C:\\Users\\musta\\OneDrive - Ara Institute of Canterbury\\2022\\DE211\\Assignment 3\\React\\mycyclingapp\\src\\components\\index.js": {"path":"C:\\Users\\musta\\OneDrive - Ara Institute of Canterbury\\2022\\DE211\\Assignment 3\\React\\mycyclingapp\\src\\components\\index.js","statementMap":{},"fnMap":{},"branchMap":{},"s":{},"f":{},"b":{}}
}
