TN:
SF:src\App---.js
FN:6,App
FNF:1
FNH:0
FNDA:0,App
DA:7,0
DA:8,0
LF:2
LH:0
BRF:0
BRH:0
end_of_record
TN:
SF:src\Cyclist.js
FN:22,(anonymous_0)
FN:36,(anonymous_1)
FN:52,(anonymous_2)
FN:53,(anonymous_3)
FN:58,(anonymous_4)
FN:59,(anonymous_5)
FN:64,(anonymous_6)
FN:65,(anonymous_7)
FN:70,(anonymous_8)
FN:81,(anonymous_9)
FN:90,(anonymous_10)
FN:99,(anonymous_11)
FN:104,(anonymous_12)
FN:121,(anonymous_13)
FN:129,(anonymous_14)
FN:137,(anonymous_15)
FN:138,(anonymous_16)
FN:142,(anonymous_17)
FN:143,(anonymous_18)
FN:147,(anonymous_19)
FN:148,(anonymous_20)
FN:154,(anonymous_21)
FN:156,(anonymous_22)
FN:164,(anonymous_23)
FN:170,(anonymous_24)
FNF:25
FNH:25
FNDA:72,(anonymous_0)
FNDA:141,(anonymous_1)
FNDA:9,(anonymous_2)
FNDA:27,(anonymous_3)
FNDA:9,(anonymous_4)
FNDA:27,(anonymous_5)
FNDA:9,(anonymous_6)
FNDA:18,(anonymous_7)
FNDA:18,(anonymous_8)
FNDA:4,(anonymous_9)
FNDA:2,(anonymous_10)
FNDA:11,(anonymous_11)
FNDA:8,(anonymous_12)
FNDA:3,(anonymous_13)
FNDA:138,(anonymous_14)
FNDA:1,(anonymous_15)
FNDA:4,(anonymous_16)
FNDA:1,(anonymous_17)
FNDA:4,(anonymous_18)
FNDA:1,(anonymous_19)
FNDA:4,(anonymous_20)
FNDA:1,(anonymous_21)
FNDA:2,(anonymous_22)
FNDA:4,(anonymous_23)
FNDA:4,(anonymous_24)
DA:23,72
DA:24,72
DA:25,72
DA:26,72
DA:27,72
DA:28,72
DA:29,72
DA:30,72
DA:31,72
DA:32,72
DA:33,72
DA:37,141
DA:38,141
DA:40,141
DA:41,138
DA:42,138
DA:43,138
DA:44,138
DA:45,138
DA:47,3
DA:49,141
DA:53,9
DA:54,27
DA:59,9
DA:60,27
DA:65,9
DA:66,18
DA:71,18
DA:72,18
DA:73,22
DA:74,18
DA:75,18
DA:78,18
DA:82,4
DA:83,4
DA:84,4
DA:85,4
DA:86,4
DA:91,2
DA:92,2
DA:93,2
DA:94,2
DA:100,11
DA:101,11
DA:105,8
DA:107,8
DA:108,8
DA:109,8
DA:110,8
DA:111,8
DA:112,8
DA:113,8
DA:114,8
DA:115,8
DA:116,8
DA:122,3
DA:123,3
DA:124,3
DA:125,3
DA:130,138
DA:131,138
DA:132,281
DA:134,138
DA:138,4
DA:139,1
DA:143,4
DA:144,1
DA:148,4
DA:149,1
DA:155,1
DA:156,1
DA:157,2
DA:159,1
DA:165,4
DA:166,4
DA:167,4
DA:171,4
DA:172,4
LF:78
LH:78
BRDA:40,0,0,138
BRDA:40,0,1,3
BRDA:70,1,0,1
BRDA:73,2,0,18
BRDA:73,2,1,4
BRDA:83,3,0,4
BRDA:83,3,1,0
BRDA:91,4,0,2
BRDA:91,4,1,0
BRDA:108,5,0,8
BRDA:108,5,1,0
BRDA:112,6,0,8
BRDA:112,6,1,0
BRDA:122,7,0,3
BRDA:122,7,1,0
BRDA:148,8,0,4
BRDA:148,8,1,2
BRF:17
BRH:12
end_of_record
TN:
SF:src\LocalStorageMock.js
FN:2,(anonymous_0)
FN:6,(anonymous_1)
FN:10,(anonymous_2)
FN:14,(anonymous_3)
FN:18,(anonymous_4)
FNF:5
FNH:1
FNDA:4,(anonymous_0)
FNDA:0,(anonymous_1)
FNDA:0,(anonymous_2)
FNDA:0,(anonymous_3)
FNDA:0,(anonymous_4)
DA:3,4
DA:7,0
DA:11,0
DA:15,0
DA:19,0
LF:5
LH:1
BRDA:11,0,0,0
BRDA:11,0,1,0
BRF:2
BRH:0
end_of_record
TN:
SF:src\Log.js
FN:17,(anonymous_0)
FN:31,(anonymous_1)
FN:35,(anonymous_2)
FN:39,(anonymous_3)
FN:43,(anonymous_4)
FN:47,(anonymous_5)
FN:53,(anonymous_6)
FN:67,(anonymous_7)
FNF:8
FNH:8
FNDA:149,(anonymous_0)
FNDA:149,(anonymous_1)
FNDA:56,(anonymous_2)
FNDA:149,(anonymous_3)
FNDA:294,(anonymous_4)
FNDA:149,(anonymous_5)
FNDA:149,(anonymous_6)
FNDA:7,(anonymous_7)
DA:18,149
DA:19,149
DA:20,149
DA:21,149
DA:22,149
DA:23,149
DA:24,149
DA:32,149
DA:36,56
DA:40,149
DA:44,294
DA:48,149
DA:55,149
DA:56,93
DA:57,56
DA:58,12
DA:60,44
DA:62,149
DA:68,7
DA:69,7
DA:70,7
DA:71,7
LF:22
LH:22
BRDA:36,0,0,56
BRDA:36,0,1,12
BRDA:43,1,0,294
BRDA:44,2,0,294
BRDA:44,2,1,293
BRDA:48,3,0,149
BRDA:48,3,1,148
BRDA:48,3,2,146
BRDA:53,4,0,149
BRDA:53,5,0,149
BRDA:53,6,0,149
BRDA:55,7,0,93
BRDA:55,7,1,56
BRDA:57,8,0,12
BRDA:57,8,1,44
BRF:15
BRH:15
end_of_record
TN:
SF:src\index--.js
FNF:0
FNH:0
DA:7,0
DA:8,0
DA:17,0
LF:3
LH:0
BRF:0
BRH:0
end_of_record
TN:
SF:src\index.js
FNF:0
FNH:0
DA:17,0
DA:30,0
LF:2
LH:0
BRF:0
BRH:0
end_of_record
TN:
SF:src\reportWebVitals.js
FN:1,(anonymous_0)
FN:3,(anonymous_1)
FNF:2
FNH:0
FNDA:0,(anonymous_0)
FNDA:0,(anonymous_1)
DA:1,0
DA:2,0
DA:3,0
DA:4,0
DA:5,0
DA:6,0
DA:7,0
DA:8,0
LF:8
LH:0
BRDA:2,0,0,0
BRDA:2,0,1,0
BRDA:2,1,0,0
BRDA:2,1,1,0
BRF:4
BRH:0
end_of_record
TN:
SF:src\test--App.js
FN:4,(anonymous_0)
FNF:1
FNH:0
FNDA:0,(anonymous_0)
DA:4,0
DA:5,0
DA:6,0
DA:7,0
LF:4
LH:0
BRF:0
BRH:0
end_of_record
TN:
SF:src\components\---Home.jsx
FN:3,Home
FNF:1
FNH:0
FNDA:0,Home
DA:4,0
LF:1
LH:0
BRF:0
BRH:0
end_of_record
TN:
SF:src\components\Contact.jsx
FN:9,(anonymous_0)
FNF:1
FNH:0
FNDA:0,(anonymous_0)
DA:10,0
LF:1
LH:0
BRF:0
BRH:0
end_of_record
TN:
SF:src\components\Footer.jsx
FN:3,Footer
FNF:1
FNH:0
FNDA:0,Footer
DA:4,0
LF:1
LH:0
BRF:0
BRH:0
end_of_record
TN:
SF:src\components\Home.jsx
FN:7,(anonymous_0)
FN:34,(anonymous_1)
FN:38,(anonymous_2)
FN:42,(anonymous_3)
FN:46,(anonymous_4)
FN:50,(anonymous_5)
FN:54,(anonymous_6)
FN:73,(anonymous_7)
FN:82,(anonymous_8)
FN:86,(anonymous_9)
FN:89,convertToCyclistClass
FN:119,(anonymous_11)
FNF:12
FNH:0
FNDA:0,(anonymous_0)
FNDA:0,(anonymous_1)
FNDA:0,(anonymous_2)
FNDA:0,(anonymous_3)
FNDA:0,(anonymous_4)
FNDA:0,(anonymous_5)
FNDA:0,(anonymous_6)
FNDA:0,(anonymous_7)
FNDA:0,(anonymous_8)
FNDA:0,(anonymous_9)
FNDA:0,convertToCyclistClass
FNDA:0,(anonymous_11)
DA:8,0
DA:9,0
DA:21,0
DA:22,0
DA:23,0
DA:24,0
DA:25,0
DA:26,0
DA:27,0
DA:29,0
DA:30,0
DA:35,0
DA:39,0
DA:43,0
DA:47,0
DA:51,0
DA:55,0
DA:57,0
DA:58,0
DA:59,0
DA:60,0
DA:61,0
DA:62,0
DA:65,0
DA:66,0
DA:67,0
DA:68,0
DA:76,0
DA:77,0
DA:83,0
DA:87,0
DA:90,0
DA:91,0
DA:92,0
DA:95,0
DA:97,0
DA:98,0
DA:100,0
DA:103,0
DA:106,0
DA:107,0
DA:108,0
DA:109,0
DA:111,0
DA:112,0
DA:113,0
DA:114,0
DA:115,0
DA:116,0
DA:120,0
DA:121,0
DA:122,0
DA:123,0
LF:53
LH:0
BRDA:59,0,0,0
BRDA:59,0,1,0
BRDA:129,1,0,0
BRDA:129,1,1,0
BRDA:163,2,0,0
BRDA:163,2,1,0
BRF:6
BRH:0
end_of_record
TN:
SF:src\components\Logs.jsx
FN:7,(anonymous_0)
FN:87,(anonymous_1)
FN:98,(anonymous_2)
FN:111,(anonymous_3)
FN:115,(anonymous_4)
FN:122,(anonymous_5)
FN:132,(anonymous_6)
FN:139,(anonymous_7)
FN:143,(anonymous_8)
FN:147,(anonymous_9)
FN:151,(anonymous_10)
FN:155,(anonymous_11)
FN:167,(anonymous_12)
FN:177,(anonymous_13)
FN:184,(anonymous_14)
FN:188,(anonymous_15)
FN:203,(anonymous_16)
FN:215,(anonymous_17)
FN:219,(anonymous_18)
FN:247,(anonymous_19)
FN:259,(anonymous_20)
FN:263,(anonymous_21)
FN:286,(anonymous_22)
FN:298,(anonymous_23)
FN:313,(anonymous_24)
FN:317,(anonymous_25)
FN:320,convertToCyclistClass
FN:345,(anonymous_27)
FNF:28
FNH:0
FNDA:0,(anonymous_0)
FNDA:0,(anonymous_1)
FNDA:0,(anonymous_2)
FNDA:0,(anonymous_3)
FNDA:0,(anonymous_4)
FNDA:0,(anonymous_5)
FNDA:0,(anonymous_6)
FNDA:0,(anonymous_7)
FNDA:0,(anonymous_8)
FNDA:0,(anonymous_9)
FNDA:0,(anonymous_10)
FNDA:0,(anonymous_11)
FNDA:0,(anonymous_12)
FNDA:0,(anonymous_13)
FNDA:0,(anonymous_14)
FNDA:0,(anonymous_15)
FNDA:0,(anonymous_16)
FNDA:0,(anonymous_17)
FNDA:0,(anonymous_18)
FNDA:0,(anonymous_19)
FNDA:0,(anonymous_20)
FNDA:0,(anonymous_21)
FNDA:0,(anonymous_22)
FNDA:0,(anonymous_23)
FNDA:0,(anonymous_24)
FNDA:0,(anonymous_25)
FNDA:0,convertToCyclistClass
FNDA:0,(anonymous_27)
DA:8,0
DA:9,0
DA:33,0
DA:34,0
DA:35,0
DA:40,0
DA:41,0
DA:43,0
DA:44,0
DA:45,0
DA:46,0
DA:48,0
DA:49,0
DA:50,0
DA:51,0
DA:52,0
DA:53,0
DA:54,0
DA:56,0
DA:57,0
DA:58,0
DA:60,0
DA:61,0
DA:62,0
DA:64,0
DA:65,0
DA:66,0
DA:68,0
DA:70,0
DA:71,0
DA:88,0
DA:92,0
DA:93,0
DA:94,0
DA:95,0
DA:99,0
DA:100,0
DA:101,0
DA:102,0
DA:103,0
DA:104,0
DA:105,0
DA:112,0
DA:116,0
DA:117,0
DA:118,0
DA:119,0
DA:123,0
DA:124,0
DA:125,0
DA:126,0
DA:127,0
DA:128,0
DA:129,0
DA:133,0
DA:134,0
DA:140,0
DA:144,0
DA:148,0
DA:152,0
DA:156,0
DA:157,0
DA:158,0
DA:159,0
DA:160,0
DA:161,0
DA:162,0
DA:163,0
DA:164,0
DA:168,0
DA:169,0
DA:170,0
DA:171,0
DA:172,0
DA:173,0
DA:174,0
DA:178,0
DA:179,0
DA:185,0
DA:189,0
DA:190,0
DA:191,0
DA:192,0
DA:193,0
DA:195,0
DA:199,0
DA:200,0
DA:204,0
DA:205,0
DA:206,0
DA:207,0
DA:208,0
DA:209,0
DA:210,0
DA:216,0
DA:220,0
DA:222,0
DA:223,0
DA:224,0
DA:225,0
DA:228,0
DA:229,0
DA:230,0
DA:231,0
DA:234,0
DA:235,0
DA:236,0
DA:237,0
DA:241,0
DA:244,0
DA:248,0
DA:249,0
DA:250,0
DA:251,0
DA:252,0
DA:253,0
DA:254,0
DA:260,0
DA:264,0
DA:265,0
DA:266,0
DA:270,0
DA:271,0
DA:272,0
DA:274,0
DA:275,0
DA:287,0
DA:288,0
DA:289,0
DA:290,0
DA:291,0
DA:292,0
DA:293,0
DA:299,0
DA:300,0
DA:301,0
DA:302,0
DA:303,0
DA:304,0
DA:305,0
DA:306,0
DA:307,0
DA:314,0
DA:318,0
DA:321,0
DA:322,0
DA:323,0
DA:326,0
DA:328,0
DA:329,0
DA:331,0
DA:334,0
DA:337,0
DA:338,0
DA:339,0
DA:340,0
DA:347,0
DA:348,0
DA:350,0
LF:159
LH:0
BRDA:190,0,0,0
BRDA:190,0,1,0
BRDA:192,1,0,0
BRDA:192,1,1,0
BRDA:222,2,0,0
BRDA:222,2,1,0
BRDA:224,3,0,0
BRDA:224,3,1,0
BRDA:228,4,0,0
BRDA:228,4,1,0
BRDA:230,5,0,0
BRDA:230,5,1,0
BRDA:234,6,0,0
BRDA:234,6,1,0
BRDA:236,7,0,0
BRDA:236,7,1,0
BRDA:270,8,0,0
BRDA:270,8,1,0
BRDA:373,9,0,0
BRDA:373,9,1,0
BRDA:392,10,0,0
BRDA:392,10,1,0
BRDA:403,11,0,0
BRDA:403,11,1,0
BRDA:427,12,0,0
BRDA:427,12,1,0
BRDA:442,13,0,0
BRDA:442,13,1,0
BRDA:458,14,0,0
BRDA:458,14,1,0
BRDA:470,15,0,0
BRDA:470,15,1,0
BRF:32
BRH:0
end_of_record
TN:
SF:src\components\Navigation.jsx
FN:7,Navigation
FNF:1
FNH:0
FNDA:0,Navigation
DA:8,0
DA:9,0
DA:10,0
LF:3
LH:0
BRF:0
BRH:0
end_of_record
TN:
SF:src\components\form-template.jsx
FN:5,(anonymous_0)
FN:19,(anonymous_1)
FN:23,(anonymous_2)
FN:44,(anonymous_3)
FNF:4
FNH:0
FNDA:0,(anonymous_0)
FNDA:0,(anonymous_1)
FNDA:0,(anonymous_2)
FNDA:0,(anonymous_3)
DA:6,0
DA:7,0
DA:15,0
DA:16,0
DA:20,0
DA:28,0
DA:30,0
DA:31,0
DA:32,0
DA:33,0
DA:35,0
DA:37,0
DA:45,0
LF:13
LH:0
BRDA:32,0,0,0
BRDA:32,0,1,0
BRF:2
BRH:0
end_of_record
TN:
SF:src\components\index.js
FNF:0
FNH:0
LF:0
LH:0
BRF:0
BRH:0
end_of_record
